<?xml version="1.0" encoding="UTF-8"?>
<testsuite xmlns:xsi="http://www.w3.org/2001/XMLSchema-instance" xsi:noNamespaceSchemaLocation="https://maven.apache.org/surefire/maven-surefire-plugin/xsd/surefire-test-report.xsd" name="ru.praktikum.scooter.LoginCourierTests" time="0.627" tests="3" errors="1" skipped="0" failures="2">
  <properties>
[...]
</properties>
  <testcase name="courierCanLogin" classname="ru.praktikum.scooter.LoginCourierTests" time="0.272">
    <error type="java.lang.NullPointerException">java.lang.NullPointerException
	at ru.praktikum.scooter.LoginCourierTests.courierCanLogin(LoginCourierTests.java:34)
</error>
  </testcase>
  <testcase name="wrongLoginCourier" classname="ru.praktikum.scooter.LoginCourierTests" time="0.191">
    <failure message="expected:&lt;[РЈС‡РµС‚РЅР°СЏ Р·Р°РїРёСЃСЊ РЅРµ РЅР°Р№РґРµРЅР°]&gt; but was:&lt;[Учетная запись не найдена]&gt;" type="org.junit.ComparisonFailure"><![CDATA[org.junit.ComparisonFailure: expected:<[РЈС‡РµС‚РЅР°СЏ Р·Р°РїРёСЃСЊ РЅРµ РЅР°Р№РґРµРЅР°]> but was:<[Учетная запись не найдена]>
	at ru.praktikum.scooter.LoginCourierTests.wrongLoginCourier(LoginCourierTests.java:67)
]]></failure>
  </testcase>
  <testcase name="loginCourierEmptyPassword" classname="ru.praktikum.scooter.LoginCourierTests" time="0.154">
    <failure message="expected:&lt;[РќРµРґРѕСЃС‚Р°С‚РѕС‡РЅРѕ РґР°РЅРЅС‹С… РґР»СЏ РІС…РѕРґР°]&gt; but was:&lt;[Недостаточно данных для входа]&gt;" type="org.junit.ComparisonFailure"><![CDATA[org.junit.ComparisonFailure: expected:<[РќРµРґРѕСЃС‚Р°С‚РѕС‡РЅРѕ РґР°РЅРЅС‹С… РґР»СЏ РІС…РѕРґР°]> but was:<[Недостаточно данных для входа]>
	at ru.praktikum.scooter.LoginCourierTests.loginCourierEmptyPassword(LoginCourierTests.java:52)
]]></failure>
  </testcase>
</testsuite>